<?xml version="1.0" encoding="UTF-8"?>
<testsuite name="Automatize Utest register form" tests="1" skipped="0" failures="0" errors="0" timestamp="2022-10-24T04:57:10" hostname="DESKTOP-NSN2TP9" time="41.145">
  <properties/>
  <testcase name="Register in Utest" classname="Automatize Utest register form" time="41.145"/>
  <system-out><![CDATA[]]></system-out>
  <system-err><![CDATA[[Test worker] WARN net.thucydides.core.steps.BaseStepListener - stepStarted: net.thucydides.core.steps.ExecutedStepDescription@4a8a60bc
[Test worker] WARN net.thucydides.core.steps.BaseStepListener - stepStarted: net.thucydides.core.steps.ExecutedStepDescription@77cb9cd1
[Test worker] WARN net.thucydides.core.steps.BaseStepListener - stepStarted: net.thucydides.core.steps.ExecutedStepDescription@64c4c01
Oct 23, 2022 11:57:11 PM org.openqa.selenium.remote.DesiredCapabilities chrome
INFO: Using `new ChromeOptions()` is preferred to `DesiredCapabilities.chrome()`
[Test worker] INFO net.serenitybdd.core.webdriver.driverproviders.ProvideNewDriver - Instantiating driver
[Test worker] INFO net.serenitybdd.core.webdriver.driverproviders.ProvideNewDriver - Driver capabilities: Capabilities {acceptInsecureCerts: false, browserName: chrome, chrome.switches: --start-maximized, goog:chromeOptions: {args: [--start-maximized], extensions: []}, loggingPrefs: org.openqa.selenium.logging..., platform: ANY, version: }
Starting ChromeDriver 106.0.5249.61 (511755355844955cd3e264779baf0dd38212a4d0-refs/branch-heads/5249@{#569}) on port 30020
Only local connections are allowed.
Please see https://chromedriver.chromium.org/security-considerations for suggestions on keeping ChromeDriver safe.
ChromeDriver was started successfully.
Oct 23, 2022 11:57:13 PM org.openqa.selenium.remote.ProtocolHandshake createSession
INFO: Detected dialect: W3C
[Test worker] WARN net.thucydides.core.steps.BaseStepListener - stepFinished: current outcome:Register in Utest:Example: {strFname=Juan, strLname=Camacho, strEmail=juan@test.com, strLanguage=spanish, strCity=Bogotá, strZip=110121, strCountry=Colombia, strComputer=Windows, strVersion=Windows 11, strClanguage=English, strMobile=Samsung, strMobilem=Galaxy S10, strMobilev=Android 12, strPassword=Choucair2022*, strValidation=We're so excited for you to get started on uTest, but first you need to confirm your email address.} [Given that Juan wants to register on the Utest page [Juan open up [Juan opens the Utest page]]]
[Test worker] WARN net.thucydides.core.steps.BaseStepListener - stepFinished: current outcome:Register in Utest:Example: {strFname=Juan, strLname=Camacho, strEmail=juan@test.com, strLanguage=spanish, strCity=Bogotá, strZip=110121, strCountry=Colombia, strComputer=Windows, strVersion=Windows 11, strClanguage=English, strMobile=Samsung, strMobilem=Galaxy S10, strMobilev=Android 12, strPassword=Choucair2022*, strValidation=We're so excited for you to get started on uTest, but first you need to confirm your email address.} [Given that Juan wants to register on the Utest page [Juan open up [Juan opens the Utest page]]]
[Test worker] WARN net.thucydides.core.steps.BaseStepListener - stepFinished: current outcome:Register in Utest:Example: {strFname=Juan, strLname=Camacho, strEmail=juan@test.com, strLanguage=spanish, strCity=Bogotá, strZip=110121, strCountry=Colombia, strComputer=Windows, strVersion=Windows 11, strClanguage=English, strMobile=Samsung, strMobilem=Galaxy S10, strMobilev=Android 12, strPassword=Choucair2022*, strValidation=We're so excited for you to get started on uTest, but first you need to confirm your email address.} [Given that Juan wants to register on the Utest page [Juan open up [Juan opens the Utest page]]]
[Test worker] WARN net.thucydides.core.steps.BaseStepListener - stepStarted: net.thucydides.core.steps.ExecutedStepDescription@6ccac6f4
[Test worker] WARN net.thucydides.core.steps.BaseStepListener - stepStarted: net.thucydides.core.steps.ExecutedStepDescription@9b5f3c7
[Test worker] WARN net.thucydides.core.steps.BaseStepListener - stepStarted: net.thucydides.core.steps.ExecutedStepDescription@c1050f2
[Test worker] WARN net.thucydides.core.steps.BaseStepListener - stepFinished: current outcome:Register in Utest:Example: {strFname=Juan, strLname=Camacho, strEmail=juan@test.com, strLanguage=spanish, strCity=Bogotá, strZip=110121, strCountry=Colombia, strComputer=Windows, strVersion=Windows 11, strClanguage=English, strMobile=Samsung, strMobilem=Galaxy S10, strMobilev=Android 12, strPassword=Choucair2022*, strValidation=We're so excited for you to get started on uTest, but first you need to confirm your email address.} [Given that Juan wants to register on the Utest page [Juan open up [Juan opens the Utest page]], When he fills the registry form with his data
| strFname | strLname | strEmail | strLanguage | strCity | strZip | strCountry | strComputer | strVersion | strClanguage | strMobile | strMobilem | strMobilev | strPassword |
| Juan | Camacho | juan@test.com | spanish | Bogotá | 110121 | Colombia | Windows | Windows 11 | English | Samsung | Galaxy S10 | Android 12 | Choucair2022* | [Juan fill [Juan clicks on Button that leads us to the register form]]]
[Test worker] WARN net.thucydides.core.steps.BaseStepListener - stepStarted: net.thucydides.core.steps.ExecutedStepDescription@ee8e7ff
[Test worker] WARN net.thucydides.core.steps.BaseStepListener - stepFinished: current outcome:Register in Utest:Example: {strFname=Juan, strLname=Camacho, strEmail=juan@test.com, strLanguage=spanish, strCity=Bogotá, strZip=110121, strCountry=Colombia, strComputer=Windows, strVersion=Windows 11, strClanguage=English, strMobile=Samsung, strMobilem=Galaxy S10, strMobilev=Android 12, strPassword=Choucair2022*, strValidation=We're so excited for you to get started on uTest, but first you need to confirm your email address.} [Given that Juan wants to register on the Utest page [Juan open up [Juan opens the Utest page]], When he fills the registry form with his data
| strFname | strLname | strEmail | strLanguage | strCity | strZip | strCountry | strComputer | strVersion | strClanguage | strMobile | strMobilem | strMobilev | strPassword |
| Juan | Camacho | juan@test.com | spanish | Bogotá | 110121 | Colombia | Windows | Windows 11 | English | Samsung | Galaxy S10 | Android 12 | Choucair2022* | [Juan fill [Juan clicks on Button that leads us to the register form, Juan enters 'Juan' into First name field of the register form]]]
[Test worker] WARN net.thucydides.core.steps.BaseStepListener - stepStarted: net.thucydides.core.steps.ExecutedStepDescription@1b7f06c7
[Test worker] WARN net.thucydides.core.steps.BaseStepListener - stepFinished: current outcome:Register in Utest:Example: {strFname=Juan, strLname=Camacho, strEmail=juan@test.com, strLanguage=spanish, strCity=Bogotá, strZip=110121, strCountry=Colombia, strComputer=Windows, strVersion=Windows 11, strClanguage=English, strMobile=Samsung, strMobilem=Galaxy S10, strMobilev=Android 12, strPassword=Choucair2022*, strValidation=We're so excited for you to get started on uTest, but first you need to confirm your email address.} [Given that Juan wants to register on the Utest page [Juan open up [Juan opens the Utest page]], When he fills the registry form with his data
| strFname | strLname | strEmail | strLanguage | strCity | strZip | strCountry | strComputer | strVersion | strClanguage | strMobile | strMobilem | strMobilev | strPassword |
| Juan | Camacho | juan@test.com | spanish | Bogotá | 110121 | Colombia | Windows | Windows 11 | English | Samsung | Galaxy S10 | Android 12 | Choucair2022* | [Juan fill [Juan clicks on Button that leads us to the register form, Juan enters 'Juan' into First name field of the register form, Juan enters 'Camacho' into Last name field of the register form]]]
[Test worker] WARN net.thucydides.core.steps.BaseStepListener - stepStarted: net.thucydides.core.steps.ExecutedStepDescription@3d615b2e
[Test worker] WARN net.thucydides.core.steps.BaseStepListener - stepFinished: current outcome:Register in Utest:Example: {strFname=Juan, strLname=Camacho, strEmail=juan@test.com, strLanguage=spanish, strCity=Bogotá, strZip=110121, strCountry=Colombia, strComputer=Windows, strVersion=Windows 11, strClanguage=English, strMobile=Samsung, strMobilem=Galaxy S10, strMobilev=Android 12, strPassword=Choucair2022*, strValidation=We're so excited for you to get started on uTest, but first you need to confirm your email address.} [Given that Juan wants to register on the Utest page [Juan open up [Juan opens the Utest page]], When he fills the registry form with his data
| strFname | strLname | strEmail | strLanguage | strCity | strZip | strCountry | strComputer | strVersion | strClanguage | strMobile | strMobilem | strMobilev | strPassword |
| Juan | Camacho | juan@test.com | spanish | Bogotá | 110121 | Colombia | Windows | Windows 11 | English | Samsung | Galaxy S10 | Android 12 | Choucair2022* | [Juan fill [Juan clicks on Button that leads us to the register form, Juan enters 'Juan' into First name field of the register form, Juan enters 'Camacho' into Last name field of the register form, Juan enters 'juan@test.com' into Email field of the register form]]]
[Test worker] WARN net.thucydides.core.steps.BaseStepListener - stepStarted: net.thucydides.core.steps.ExecutedStepDescription@1b57c345
[Test worker] WARN net.thucydides.core.steps.BaseStepListener - stepFinished: current outcome:Register in Utest:Example: {strFname=Juan, strLname=Camacho, strEmail=juan@test.com, strLanguage=spanish, strCity=Bogotá, strZip=110121, strCountry=Colombia, strComputer=Windows, strVersion=Windows 11, strClanguage=English, strMobile=Samsung, strMobilem=Galaxy S10, strMobilev=Android 12, strPassword=Choucair2022*, strValidation=We're so excited for you to get started on uTest, but first you need to confirm your email address.} [Given that Juan wants to register on the Utest page [Juan open up [Juan opens the Utest page]], When he fills the registry form with his data
| strFname | strLname | strEmail | strLanguage | strCity | strZip | strCountry | strComputer | strVersion | strClanguage | strMobile | strMobilem | strMobilev | strPassword |
| Juan | Camacho | juan@test.com | spanish | Bogotá | 110121 | Colombia | Windows | Windows 11 | English | Samsung | Galaxy S10 | Android 12 | Choucair2022* | [Juan fill [Juan clicks on Button that leads us to the register form, Juan enters 'Juan' into First name field of the register form, Juan enters 'Camacho' into Last name field of the register form, Juan enters 'juan@test.com' into Email field of the register form, Juan clicks on Birth month field of the register form]]]
[Test worker] WARN net.thucydides.core.steps.BaseStepListener - stepStarted: net.thucydides.core.steps.ExecutedStepDescription@7fdd43cd
[Test worker] WARN net.thucydides.core.steps.BaseStepListener - stepFinished: current outcome:Register in Utest:Example: {strFname=Juan, strLname=Camacho, strEmail=juan@test.com, strLanguage=spanish, strCity=Bogotá, strZip=110121, strCountry=Colombia, strComputer=Windows, strVersion=Windows 11, strClanguage=English, strMobile=Samsung, strMobilem=Galaxy S10, strMobilev=Android 12, strPassword=Choucair2022*, strValidation=We're so excited for you to get started on uTest, but first you need to confirm your email address.} [Given that Juan wants to register on the Utest page [Juan open up [Juan opens the Utest page]], When he fills the registry form with his data
| strFname | strLname | strEmail | strLanguage | strCity | strZip | strCountry | strComputer | strVersion | strClanguage | strMobile | strMobilem | strMobilev | strPassword |
| Juan | Camacho | juan@test.com | spanish | Bogotá | 110121 | Colombia | Windows | Windows 11 | English | Samsung | Galaxy S10 | Android 12 | Choucair2022* | [Juan fill [Juan clicks on Button that leads us to the register form, Juan enters 'Juan' into First name field of the register form, Juan enters 'Camacho' into Last name field of the register form, Juan enters 'juan@test.com' into Email field of the register form, Juan clicks on Birth month field of the register form, Juan clicks on Birth day field of the register form]]]
[Test worker] WARN net.thucydides.core.steps.BaseStepListener - stepStarted: net.thucydides.core.steps.ExecutedStepDescription@2e7af36e
[Test worker] WARN net.thucydides.core.steps.BaseStepListener - stepFinished: current outcome:Register in Utest:Example: {strFname=Juan, strLname=Camacho, strEmail=juan@test.com, strLanguage=spanish, strCity=Bogotá, strZip=110121, strCountry=Colombia, strComputer=Windows, strVersion=Windows 11, strClanguage=English, strMobile=Samsung, strMobilem=Galaxy S10, strMobilev=Android 12, strPassword=Choucair2022*, strValidation=We're so excited for you to get started on uTest, but first you need to confirm your email address.} [Given that Juan wants to register on the Utest page [Juan open up [Juan opens the Utest page]], When he fills the registry form with his data
| strFname | strLname | strEmail | strLanguage | strCity | strZip | strCountry | strComputer | strVersion | strClanguage | strMobile | strMobilem | strMobilev | strPassword |
| Juan | Camacho | juan@test.com | spanish | Bogotá | 110121 | Colombia | Windows | Windows 11 | English | Samsung | Galaxy S10 | Android 12 | Choucair2022* | [Juan fill [Juan clicks on Button that leads us to the register form, Juan enters 'Juan' into First name field of the register form, Juan enters 'Camacho' into Last name field of the register form, Juan enters 'juan@test.com' into Email field of the register form, Juan clicks on Birth month field of the register form, Juan clicks on Birth day field of the register form, Juan clicks on Birth year field of the register form]]]
[Test worker] WARN net.thucydides.core.steps.BaseStepListener - stepStarted: net.thucydides.core.steps.ExecutedStepDescription@4e80a001
[Test worker] WARN net.thucydides.core.steps.BaseStepListener - stepFinished: current outcome:Register in Utest:Example: {strFname=Juan, strLname=Camacho, strEmail=juan@test.com, strLanguage=spanish, strCity=Bogotá, strZip=110121, strCountry=Colombia, strComputer=Windows, strVersion=Windows 11, strClanguage=English, strMobile=Samsung, strMobilem=Galaxy S10, strMobilev=Android 12, strPassword=Choucair2022*, strValidation=We're so excited for you to get started on uTest, but first you need to confirm your email address.} [Given that Juan wants to register on the Utest page [Juan open up [Juan opens the Utest page]], When he fills the registry form with his data
| strFname | strLname | strEmail | strLanguage | strCity | strZip | strCountry | strComputer | strVersion | strClanguage | strMobile | strMobilem | strMobilev | strPassword |
| Juan | Camacho | juan@test.com | spanish | Bogotá | 110121 | Colombia | Windows | Windows 11 | English | Samsung | Galaxy S10 | Android 12 | Choucair2022* | [Juan fill [Juan clicks on Button that leads us to the register form, Juan enters 'Juan' into First name field of the register form, Juan enters 'Camacho' into Last name field of the register form, Juan enters 'juan@test.com' into Email field of the register form, Juan clicks on Birth month field of the register form, Juan clicks on Birth day field of the register form, Juan clicks on Birth year field of the register form, Juan enters 'spanish' into Languages field of the register form]]]
[Test worker] WARN net.thucydides.core.steps.BaseStepListener - stepStarted: net.thucydides.core.steps.ExecutedStepDescription@1e1237ab
[Test worker] WARN net.thucydides.core.steps.BaseStepListener - stepFinished: current outcome:Register in Utest:Example: {strFname=Juan, strLname=Camacho, strEmail=juan@test.com, strLanguage=spanish, strCity=Bogotá, strZip=110121, strCountry=Colombia, strComputer=Windows, strVersion=Windows 11, strClanguage=English, strMobile=Samsung, strMobilem=Galaxy S10, strMobilev=Android 12, strPassword=Choucair2022*, strValidation=We're so excited for you to get started on uTest, but first you need to confirm your email address.} [Given that Juan wants to register on the Utest page [Juan open up [Juan opens the Utest page]], When he fills the registry form with his data
| strFname | strLname | strEmail | strLanguage | strCity | strZip | strCountry | strComputer | strVersion | strClanguage | strMobile | strMobilem | strMobilev | strPassword |
| Juan | Camacho | juan@test.com | spanish | Bogotá | 110121 | Colombia | Windows | Windows 11 | English | Samsung | Galaxy S10 | Android 12 | Choucair2022* | [Juan fill [Juan clicks on Button that leads us to the register form, Juan enters 'Juan' into First name field of the register form, Juan enters 'Camacho' into Last name field of the register form, Juan enters 'juan@test.com' into Email field of the register form, Juan clicks on Birth month field of the register form, Juan clicks on Birth day field of the register form, Juan clicks on Birth year field of the register form, Juan enters 'spanish' into Languages field of the register form, Juan clicks on Spanish field of the languages field of the register form]]]
[Test worker] WARN net.thucydides.core.steps.BaseStepListener - stepStarted: net.thucydides.core.steps.ExecutedStepDescription@236ae13d
[Test worker] WARN net.thucydides.core.steps.BaseStepListener - stepFinished: current outcome:Register in Utest:Example: {strFname=Juan, strLname=Camacho, strEmail=juan@test.com, strLanguage=spanish, strCity=Bogotá, strZip=110121, strCountry=Colombia, strComputer=Windows, strVersion=Windows 11, strClanguage=English, strMobile=Samsung, strMobilem=Galaxy S10, strMobilev=Android 12, strPassword=Choucair2022*, strValidation=We're so excited for you to get started on uTest, but first you need to confirm your email address.} [Given that Juan wants to register on the Utest page [Juan open up [Juan opens the Utest page]], When he fills the registry form with his data
| strFname | strLname | strEmail | strLanguage | strCity | strZip | strCountry | strComputer | strVersion | strClanguage | strMobile | strMobilem | strMobilev | strPassword |
| Juan | Camacho | juan@test.com | spanish | Bogotá | 110121 | Colombia | Windows | Windows 11 | English | Samsung | Galaxy S10 | Android 12 | Choucair2022* | [Juan fill [Juan clicks on Button that leads us to the register form, Juan enters 'Juan' into First name field of the register form, Juan enters 'Camacho' into Last name field of the register form, Juan enters 'juan@test.com' into Email field of the register form, Juan clicks on Birth month field of the register form, Juan clicks on Birth day field of the register form, Juan clicks on Birth year field of the register form, Juan enters 'spanish' into Languages field of the register form, Juan clicks on Spanish field of the languages field of the register form, Juan clicks on Location button to go to the next page of the form]]]
[Test worker] WARN net.thucydides.core.steps.BaseStepListener - stepStarted: net.thucydides.core.steps.ExecutedStepDescription@16ee9aa7
[Test worker] WARN net.thucydides.core.steps.BaseStepListener - stepFinished: current outcome:Register in Utest:Example: {strFname=Juan, strLname=Camacho, strEmail=juan@test.com, strLanguage=spanish, strCity=Bogotá, strZip=110121, strCountry=Colombia, strComputer=Windows, strVersion=Windows 11, strClanguage=English, strMobile=Samsung, strMobilem=Galaxy S10, strMobilev=Android 12, strPassword=Choucair2022*, strValidation=We're so excited for you to get started on uTest, but first you need to confirm your email address.} [Given that Juan wants to register on the Utest page [Juan open up [Juan opens the Utest page]], When he fills the registry form with his data
| strFname | strLname | strEmail | strLanguage | strCity | strZip | strCountry | strComputer | strVersion | strClanguage | strMobile | strMobilem | strMobilev | strPassword |
| Juan | Camacho | juan@test.com | spanish | Bogotá | 110121 | Colombia | Windows | Windows 11 | English | Samsung | Galaxy S10 | Android 12 | Choucair2022* | [Juan fill [Juan clicks on Button that leads us to the register form, Juan enters 'Juan' into First name field of the register form, Juan enters 'Camacho' into Last name field of the register form, Juan enters 'juan@test.com' into Email field of the register form, Juan clicks on Birth month field of the register form, Juan clicks on Birth day field of the register form, Juan clicks on Birth year field of the register form, Juan enters 'spanish' into Languages field of the register form, Juan clicks on Spanish field of the languages field of the register form, Juan clicks on Location button to go to the next page of the form, Juan enters 'Bogotá' into City field of the location form]]]
[Test worker] WARN net.thucydides.core.steps.BaseStepListener - stepStarted: net.thucydides.core.steps.ExecutedStepDescription@3b97907c
[Test worker] WARN net.thucydides.core.steps.BaseStepListener - stepFinished: current outcome:Register in Utest:Example: {strFname=Juan, strLname=Camacho, strEmail=juan@test.com, strLanguage=spanish, strCity=Bogotá, strZip=110121, strCountry=Colombia, strComputer=Windows, strVersion=Windows 11, strClanguage=English, strMobile=Samsung, strMobilem=Galaxy S10, strMobilev=Android 12, strPassword=Choucair2022*, strValidation=We're so excited for you to get started on uTest, but first you need to confirm your email address.} [Given that Juan wants to register on the Utest page [Juan open up [Juan opens the Utest page]], When he fills the registry form with his data
| strFname | strLname | strEmail | strLanguage | strCity | strZip | strCountry | strComputer | strVersion | strClanguage | strMobile | strMobilem | strMobilev | strPassword |
| Juan | Camacho | juan@test.com | spanish | Bogotá | 110121 | Colombia | Windows | Windows 11 | English | Samsung | Galaxy S10 | Android 12 | Choucair2022* | [Juan fill [Juan clicks on Button that leads us to the register form, Juan enters 'Juan' into First name field of the register form, Juan enters 'Camacho' into Last name field of the register form, Juan enters 'juan@test.com' into Email field of the register form, Juan clicks on Birth month field of the register form, Juan clicks on Birth day field of the register form, Juan clicks on Birth year field of the register form, Juan enters 'spanish' into Languages field of the register form, Juan clicks on Spanish field of the languages field of the register form, Juan clicks on Location button to go to the next page of the form, Juan enters 'Bogotá' into City field of the location form, Juan enters '110121' into Zip field of the location form]]]
[Test worker] WARN net.thucydides.core.steps.BaseStepListener - stepStarted: net.thucydides.core.steps.ExecutedStepDescription@35787726
[Test worker] WARN net.thucydides.core.steps.BaseStepListener - stepFinished: current outcome:Register in Utest:Example: {strFname=Juan, strLname=Camacho, strEmail=juan@test.com, strLanguage=spanish, strCity=Bogotá, strZip=110121, strCountry=Colombia, strComputer=Windows, strVersion=Windows 11, strClanguage=English, strMobile=Samsung, strMobilem=Galaxy S10, strMobilev=Android 12, strPassword=Choucair2022*, strValidation=We're so excited for you to get started on uTest, but first you need to confirm your email address.} [Given that Juan wants to register on the Utest page [Juan open up [Juan opens the Utest page]], When he fills the registry form with his data
| strFname | strLname | strEmail | strLanguage | strCity | strZip | strCountry | strComputer | strVersion | strClanguage | strMobile | strMobilem | strMobilev | strPassword |
| Juan | Camacho | juan@test.com | spanish | Bogotá | 110121 | Colombia | Windows | Windows 11 | English | Samsung | Galaxy S10 | Android 12 | Choucair2022* | [Juan fill [Juan clicks on Button that leads us to the register form, Juan enters 'Juan' into First name field of the register form, Juan enters 'Camacho' into Last name field of the register form, Juan enters 'juan@test.com' into Email field of the register form, Juan clicks on Birth month field of the register form, Juan clicks on Birth day field of the register form, Juan clicks on Birth year field of the register form, Juan enters 'spanish' into Languages field of the register form, Juan clicks on Spanish field of the languages field of the register form, Juan clicks on Location button to go to the next page of the form, Juan enters 'Bogotá' into City field of the location form, Juan enters '110121' into Zip field of the location form, Juan clicks on Country field of the location form]]]
[Test worker] WARN net.thucydides.core.steps.BaseStepListener - stepStarted: net.thucydides.core.steps.ExecutedStepDescription@43d65a81
[Test worker] WARN net.thucydides.core.steps.BaseStepListener - stepFinished: current outcome:Register in Utest:Example: {strFname=Juan, strLname=Camacho, strEmail=juan@test.com, strLanguage=spanish, strCity=Bogotá, strZip=110121, strCountry=Colombia, strComputer=Windows, strVersion=Windows 11, strClanguage=English, strMobile=Samsung, strMobilem=Galaxy S10, strMobilev=Android 12, strPassword=Choucair2022*, strValidation=We're so excited for you to get started on uTest, but first you need to confirm your email address.} [Given that Juan wants to register on the Utest page [Juan open up [Juan opens the Utest page]], When he fills the registry form with his data
| strFname | strLname | strEmail | strLanguage | strCity | strZip | strCountry | strComputer | strVersion | strClanguage | strMobile | strMobilem | strMobilev | strPassword |
| Juan | Camacho | juan@test.com | spanish | Bogotá | 110121 | Colombia | Windows | Windows 11 | English | Samsung | Galaxy S10 | Android 12 | Choucair2022* | [Juan fill [Juan clicks on Button that leads us to the register form, Juan enters 'Juan' into First name field of the register form, Juan enters 'Camacho' into Last name field of the register form, Juan enters 'juan@test.com' into Email field of the register form, Juan clicks on Birth month field of the register form, Juan clicks on Birth day field of the register form, Juan clicks on Birth year field of the register form, Juan enters 'spanish' into Languages field of the register form, Juan clicks on Spanish field of the languages field of the register form, Juan clicks on Location button to go to the next page of the form, Juan enters 'Bogotá' into City field of the location form, Juan enters '110121' into Zip field of the location form, Juan clicks on Country field of the location form, Juan enters 'Colombia' into Selected country field of the country field on the location form]]]
[Test worker] WARN net.thucydides.core.steps.BaseStepListener - stepStarted: net.thucydides.core.steps.ExecutedStepDescription@6e1ae763
[Test worker] WARN net.thucydides.core.steps.BaseStepListener - stepFinished: current outcome:Register in Utest:Example: {strFname=Juan, strLname=Camacho, strEmail=juan@test.com, strLanguage=spanish, strCity=Bogotá, strZip=110121, strCountry=Colombia, strComputer=Windows, strVersion=Windows 11, strClanguage=English, strMobile=Samsung, strMobilem=Galaxy S10, strMobilev=Android 12, strPassword=Choucair2022*, strValidation=We're so excited for you to get started on uTest, but first you need to confirm your email address.} [Given that Juan wants to register on the Utest page [Juan open up [Juan opens the Utest page]], When he fills the registry form with his data
| strFname | strLname | strEmail | strLanguage | strCity | strZip | strCountry | strComputer | strVersion | strClanguage | strMobile | strMobilem | strMobilev | strPassword |
| Juan | Camacho | juan@test.com | spanish | Bogotá | 110121 | Colombia | Windows | Windows 11 | English | Samsung | Galaxy S10 | Android 12 | Choucair2022* | [Juan fill [Juan clicks on Button that leads us to the register form, Juan enters 'Juan' into First name field of the register form, Juan enters 'Camacho' into Last name field of the register form, Juan enters 'juan@test.com' into Email field of the register form, Juan clicks on Birth month field of the register form, Juan clicks on Birth day field of the register form, Juan clicks on Birth year field of the register form, Juan enters 'spanish' into Languages field of the register form, Juan clicks on Spanish field of the languages field of the register form, Juan clicks on Location button to go to the next page of the form, Juan enters 'Bogotá' into City field of the location form, Juan enters '110121' into Zip field of the location form, Juan clicks on Country field of the location form, Juan enters 'Colombia' into Selected country field of the country field on the location form, Juan clicks on Selected country field of the country field on the location form]]]
[Test worker] WARN net.thucydides.core.steps.BaseStepListener - stepStarted: net.thucydides.core.steps.ExecutedStepDescription@66d25ba9
[Test worker] WARN net.thucydides.core.steps.BaseStepListener - stepFinished: current outcome:Register in Utest:Example: {strFname=Juan, strLname=Camacho, strEmail=juan@test.com, strLanguage=spanish, strCity=Bogotá, strZip=110121, strCountry=Colombia, strComputer=Windows, strVersion=Windows 11, strClanguage=English, strMobile=Samsung, strMobilem=Galaxy S10, strMobilev=Android 12, strPassword=Choucair2022*, strValidation=We're so excited for you to get started on uTest, but first you need to confirm your email address.} [Given that Juan wants to register on the Utest page [Juan open up [Juan opens the Utest page]], When he fills the registry form with his data
| strFname | strLname | strEmail | strLanguage | strCity | strZip | strCountry | strComputer | strVersion | strClanguage | strMobile | strMobilem | strMobilev | strPassword |
| Juan | Camacho | juan@test.com | spanish | Bogotá | 110121 | Colombia | Windows | Windows 11 | English | Samsung | Galaxy S10 | Android 12 | Choucair2022* | [Juan fill [Juan clicks on Button that leads us to the register form, Juan enters 'Juan' into First name field of the register form, Juan enters 'Camacho' into Last name field of the register form, Juan enters 'juan@test.com' into Email field of the register form, Juan clicks on Birth month field of the register form, Juan clicks on Birth day field of the register form, Juan clicks on Birth year field of the register form, Juan enters 'spanish' into Languages field of the register form, Juan clicks on Spanish field of the languages field of the register form, Juan clicks on Location button to go to the next page of the form, Juan enters 'Bogotá' into City field of the location form, Juan enters '110121' into Zip field of the location form, Juan clicks on Country field of the location form, Juan enters 'Colombia' into Selected country field of the country field on the location form, Juan clicks on Selected country field of the country field on the location form, Juan clicks on Devices button to go to the next page of the form]]]
[Test worker] WARN net.thucydides.core.steps.BaseStepListener - stepStarted: net.thucydides.core.steps.ExecutedStepDescription@fb5aeed
[Test worker] WARN net.thucydides.core.steps.BaseStepListener - stepFinished: current outcome:Register in Utest:Example: {strFname=Juan, strLname=Camacho, strEmail=juan@test.com, strLanguage=spanish, strCity=Bogotá, strZip=110121, strCountry=Colombia, strComputer=Windows, strVersion=Windows 11, strClanguage=English, strMobile=Samsung, strMobilem=Galaxy S10, strMobilev=Android 12, strPassword=Choucair2022*, strValidation=We're so excited for you to get started on uTest, but first you need to confirm your email address.} [Given that Juan wants to register on the Utest page [Juan open up [Juan opens the Utest page]], When he fills the registry form with his data
| strFname | strLname | strEmail | strLanguage | strCity | strZip | strCountry | strComputer | strVersion | strClanguage | strMobile | strMobilem | strMobilev | strPassword |
| Juan | Camacho | juan@test.com | spanish | Bogotá | 110121 | Colombia | Windows | Windows 11 | English | Samsung | Galaxy S10 | Android 12 | Choucair2022* | [Juan fill [Juan clicks on Button that leads us to the register form, Juan enters 'Juan' into First name field of the register form, Juan enters 'Camacho' into Last name field of the register form, Juan enters 'juan@test.com' into Email field of the register form, Juan clicks on Birth month field of the register form, Juan clicks on Birth day field of the register form, Juan clicks on Birth year field of the register form, Juan enters 'spanish' into Languages field of the register form, Juan clicks on Spanish field of the languages field of the register form, Juan clicks on Location button to go to the next page of the form, Juan enters 'Bogotá' into City field of the location form, Juan enters '110121' into Zip field of the location form, Juan clicks on Country field of the location form, Juan enters 'Colombia' into Selected country field of the country field on the location form, Juan clicks on Selected country field of the country field on the location form, Juan clicks on Devices button to go to the next page of the form, Juan clicks on Computer field of the devices form]]]
[Test worker] WARN net.thucydides.core.steps.BaseStepListener - stepStarted: net.thucydides.core.steps.ExecutedStepDescription@89caf47
[Test worker] WARN net.thucydides.core.steps.BaseStepListener - stepFinished: current outcome:Register in Utest:Example: {strFname=Juan, strLname=Camacho, strEmail=juan@test.com, strLanguage=spanish, strCity=Bogotá, strZip=110121, strCountry=Colombia, strComputer=Windows, strVersion=Windows 11, strClanguage=English, strMobile=Samsung, strMobilem=Galaxy S10, strMobilev=Android 12, strPassword=Choucair2022*, strValidation=We're so excited for you to get started on uTest, but first you need to confirm your email address.} [Given that Juan wants to register on the Utest page [Juan open up [Juan opens the Utest page]], When he fills the registry form with his data
| strFname | strLname | strEmail | strLanguage | strCity | strZip | strCountry | strComputer | strVersion | strClanguage | strMobile | strMobilem | strMobilev | strPassword |
| Juan | Camacho | juan@test.com | spanish | Bogotá | 110121 | Colombia | Windows | Windows 11 | English | Samsung | Galaxy S10 | Android 12 | Choucair2022* | [Juan fill [Juan clicks on Button that leads us to the register form, Juan enters 'Juan' into First name field of the register form, Juan enters 'Camacho' into Last name field of the register form, Juan enters 'juan@test.com' into Email field of the register form, Juan clicks on Birth month field of the register form, Juan clicks on Birth day field of the register form, Juan clicks on Birth year field of the register form, Juan enters 'spanish' into Languages field of the register form, Juan clicks on Spanish field of the languages field of the register form, Juan clicks on Location button to go to the next page of the form, Juan enters 'Bogotá' into City field of the location form, Juan enters '110121' into Zip field of the location form, Juan clicks on Country field of the location form, Juan enters 'Colombia' into Selected country field of the country field on the location form, Juan clicks on Selected country field of the country field on the location form, Juan clicks on Devices button to go to the next page of the form, Juan clicks on Computer field of the devices form, Juan enters 'Windows' into Selected computer field of the computer field on the devices form]]]
[Test worker] WARN net.thucydides.core.steps.BaseStepListener - stepStarted: net.thucydides.core.steps.ExecutedStepDescription@6d0290d8
[Test worker] WARN net.thucydides.core.steps.BaseStepListener - stepFinished: current outcome:Register in Utest:Example: {strFname=Juan, strLname=Camacho, strEmail=juan@test.com, strLanguage=spanish, strCity=Bogotá, strZip=110121, strCountry=Colombia, strComputer=Windows, strVersion=Windows 11, strClanguage=English, strMobile=Samsung, strMobilem=Galaxy S10, strMobilev=Android 12, strPassword=Choucair2022*, strValidation=We're so excited for you to get started on uTest, but first you need to confirm your email address.} [Given that Juan wants to register on the Utest page [Juan open up [Juan opens the Utest page]], When he fills the registry form with his data
| strFname | strLname | strEmail | strLanguage | strCity | strZip | strCountry | strComputer | strVersion | strClanguage | strMobile | strMobilem | strMobilev | strPassword |
| Juan | Camacho | juan@test.com | spanish | Bogotá | 110121 | Colombia | Windows | Windows 11 | English | Samsung | Galaxy S10 | Android 12 | Choucair2022* | [Juan fill [Juan clicks on Button that leads us to the register form, Juan enters 'Juan' into First name field of the register form, Juan enters 'Camacho' into Last name field of the register form, Juan enters 'juan@test.com' into Email field of the register form, Juan clicks on Birth month field of the register form, Juan clicks on Birth day field of the register form, Juan clicks on Birth year field of the register form, Juan enters 'spanish' into Languages field of the register form, Juan clicks on Spanish field of the languages field of the register form, Juan clicks on Location button to go to the next page of the form, Juan enters 'Bogotá' into City field of the location form, Juan enters '110121' into Zip field of the location form, Juan clicks on Country field of the location form, Juan enters 'Colombia' into Selected country field of the country field on the location form, Juan clicks on Selected country field of the country field on the location form, Juan clicks on Devices button to go to the next page of the form, Juan clicks on Computer field of the devices form, Juan enters 'Windows' into Selected computer field of the computer field on the devices form, Juan clicks on Selected computer field of the computer field on the devices form]]]
[Test worker] WARN net.thucydides.core.steps.BaseStepListener - stepStarted: net.thucydides.core.steps.ExecutedStepDescription@4b957db0
[Test worker] WARN net.thucydides.core.steps.BaseStepListener - stepFinished: current outcome:Register in Utest:Example: {strFname=Juan, strLname=Camacho, strEmail=juan@test.com, strLanguage=spanish, strCity=Bogotá, strZip=110121, strCountry=Colombia, strComputer=Windows, strVersion=Windows 11, strClanguage=English, strMobile=Samsung, strMobilem=Galaxy S10, strMobilev=Android 12, strPassword=Choucair2022*, strValidation=We're so excited for you to get started on uTest, but first you need to confirm your email address.} [Given that Juan wants to register on the Utest page [Juan open up [Juan opens the Utest page]], When he fills the registry form with his data
| strFname | strLname | strEmail | strLanguage | strCity | strZip | strCountry | strComputer | strVersion | strClanguage | strMobile | strMobilem | strMobilev | strPassword |
| Juan | Camacho | juan@test.com | spanish | Bogotá | 110121 | Colombia | Windows | Windows 11 | English | Samsung | Galaxy S10 | Android 12 | Choucair2022* | [Juan fill [Juan clicks on Button that leads us to the register form, Juan enters 'Juan' into First name field of the register form, Juan enters 'Camacho' into Last name field of the register form, Juan enters 'juan@test.com' into Email field of the register form, Juan clicks on Birth month field of the register form, Juan clicks on Birth day field of the register form, Juan clicks on Birth year field of the register form, Juan enters 'spanish' into Languages field of the register form, Juan clicks on Spanish field of the languages field of the register form, Juan clicks on Location button to go to the next page of the form, Juan enters 'Bogotá' into City field of the location form, Juan enters '110121' into Zip field of the location form, Juan clicks on Country field of the location form, Juan enters 'Colombia' into Selected country field of the country field on the location form, Juan clicks on Selected country field of the country field on the location form, Juan clicks on Devices button to go to the next page of the form, Juan clicks on Computer field of the devices form, Juan enters 'Windows' into Selected computer field of the computer field on the devices form, Juan clicks on Selected computer field of the computer field on the devices form, Juan clicks on Computer version field of the devices form]]]
[Test worker] WARN net.thucydides.core.steps.BaseStepListener - stepStarted: net.thucydides.core.steps.ExecutedStepDescription@b30a50d
[Test worker] WARN net.thucydides.core.steps.BaseStepListener - stepFinished: current outcome:Register in Utest:Example: {strFname=Juan, strLname=Camacho, strEmail=juan@test.com, strLanguage=spanish, strCity=Bogotá, strZip=110121, strCountry=Colombia, strComputer=Windows, strVersion=Windows 11, strClanguage=English, strMobile=Samsung, strMobilem=Galaxy S10, strMobilev=Android 12, strPassword=Choucair2022*, strValidation=We're so excited for you to get started on uTest, but first you need to confirm your email address.} [Given that Juan wants to register on the Utest page [Juan open up [Juan opens the Utest page]], When he fills the registry form with his data
| strFname | strLname | strEmail | strLanguage | strCity | strZip | strCountry | strComputer | strVersion | strClanguage | strMobile | strMobilem | strMobilev | strPassword |
| Juan | Camacho | juan@test.com | spanish | Bogotá | 110121 | Colombia | Windows | Windows 11 | English | Samsung | Galaxy S10 | Android 12 | Choucair2022* | [Juan fill [Juan clicks on Button that leads us to the register form, Juan enters 'Juan' into First name field of the register form, Juan enters 'Camacho' into Last name field of the register form, Juan enters 'juan@test.com' into Email field of the register form, Juan clicks on Birth month field of the register form, Juan clicks on Birth day field of the register form, Juan clicks on Birth year field of the register form, Juan enters 'spanish' into Languages field of the register form, Juan clicks on Spanish field of the languages field of the register form, Juan clicks on Location button to go to the next page of the form, Juan enters 'Bogotá' into City field of the location form, Juan enters '110121' into Zip field of the location form, Juan clicks on Country field of the location form, Juan enters 'Colombia' into Selected country field of the country field on the location form, Juan clicks on Selected country field of the country field on the location form, Juan clicks on Devices button to go to the next page of the form, Juan clicks on Computer field of the devices form, Juan enters 'Windows' into Selected computer field of the computer field on the devices form, Juan clicks on Selected computer field of the computer field on the devices form, Juan clicks on Computer version field of the devices form, Juan enters 'Windows 11' into Selected computer version field of the computer field on the devices form]]]
[Test worker] WARN net.thucydides.core.steps.BaseStepListener - stepStarted: net.thucydides.core.steps.ExecutedStepDescription@21edd891
[Test worker] WARN net.thucydides.core.steps.BaseStepListener - stepFinished: current outcome:Register in Utest:Example: {strFname=Juan, strLname=Camacho, strEmail=juan@test.com, strLanguage=spanish, strCity=Bogotá, strZip=110121, strCountry=Colombia, strComputer=Windows, strVersion=Windows 11, strClanguage=English, strMobile=Samsung, strMobilem=Galaxy S10, strMobilev=Android 12, strPassword=Choucair2022*, strValidation=We're so excited for you to get started on uTest, but first you need to confirm your email address.} [Given that Juan wants to register on the Utest page [Juan open up [Juan opens the Utest page]], When he fills the registry form with his data
| strFname | strLname | strEmail | strLanguage | strCity | strZip | strCountry | strComputer | strVersion | strClanguage | strMobile | strMobilem | strMobilev | strPassword |
| Juan | Camacho | juan@test.com | spanish | Bogotá | 110121 | Colombia | Windows | Windows 11 | English | Samsung | Galaxy S10 | Android 12 | Choucair2022* | [Juan fill [Juan clicks on Button that leads us to the register form, Juan enters 'Juan' into First name field of the register form, Juan enters 'Camacho' into Last name field of the register form, Juan enters 'juan@test.com' into Email field of the register form, Juan clicks on Birth month field of the register form, Juan clicks on Birth day field of the register form, Juan clicks on Birth year field of the register form, Juan enters 'spanish' into Languages field of the register form, Juan clicks on Spanish field of the languages field of the register form, Juan clicks on Location button to go to the next page of the form, Juan enters 'Bogotá' into City field of the location form, Juan enters '110121' into Zip field of the location form, Juan clicks on Country field of the location form, Juan enters 'Colombia' into Selected country field of the country field on the location form, Juan clicks on Selected country field of the country field on the location form, Juan clicks on Devices button to go to the next page of the form, Juan clicks on Computer field of the devices form, Juan enters 'Windows' into Selected computer field of the computer field on the devices form, Juan clicks on Selected computer field of the computer field on the devices form, Juan clicks on Computer version field of the devices form, Juan enters 'Windows 11' into Selected computer version field of the computer field on the devices form, Juan clicks on Selected computer version field of the computer field on the devices form]]]
[Test worker] WARN net.thucydides.core.steps.BaseStepListener - stepStarted: net.thucydides.core.steps.ExecutedStepDescription@2c1d57bc
[Test worker] WARN net.thucydides.core.steps.BaseStepListener - stepFinished: current outcome:Register in Utest:Example: {strFname=Juan, strLname=Camacho, strEmail=juan@test.com, strLanguage=spanish, strCity=Bogotá, strZip=110121, strCountry=Colombia, strComputer=Windows, strVersion=Windows 11, strClanguage=English, strMobile=Samsung, strMobilem=Galaxy S10, strMobilev=Android 12, strPassword=Choucair2022*, strValidation=We're so excited for you to get started on uTest, but first you need to confirm your email address.} [Given that Juan wants to register on the Utest page [Juan open up [Juan opens the Utest page]], When he fills the registry form with his data
| strFname | strLname | strEmail | strLanguage | strCity | strZip | strCountry | strComputer | strVersion | strClanguage | strMobile | strMobilem | strMobilev | strPassword |
| Juan | Camacho | juan@test.com | spanish | Bogotá | 110121 | Colombia | Windows | Windows 11 | English | Samsung | Galaxy S10 | Android 12 | Choucair2022* | [Juan fill [Juan clicks on Button that leads us to the register form, Juan enters 'Juan' into First name field of the register form, Juan enters 'Camacho' into Last name field of the register form, Juan enters 'juan@test.com' into Email field of the register form, Juan clicks on Birth month field of the register form, Juan clicks on Birth day field of the register form, Juan clicks on Birth year field of the register form, Juan enters 'spanish' into Languages field of the register form, Juan clicks on Spanish field of the languages field of the register form, Juan clicks on Location button to go to the next page of the form, Juan enters 'Bogotá' into City field of the location form, Juan enters '110121' into Zip field of the location form, Juan clicks on Country field of the location form, Juan enters 'Colombia' into Selected country field of the country field on the location form, Juan clicks on Selected country field of the country field on the location form, Juan clicks on Devices button to go to the next page of the form, Juan clicks on Computer field of the devices form, Juan enters 'Windows' into Selected computer field of the computer field on the devices form, Juan clicks on Selected computer field of the computer field on the devices form, Juan clicks on Computer version field of the devices form, Juan enters 'Windows 11' into Selected computer version field of the computer field on the devices form, Juan clicks on Selected computer version field of the computer field on the devices form, Juan clicks on Computer language field of the devices form]]]
[Test worker] WARN net.thucydides.core.steps.BaseStepListener - stepStarted: net.thucydides.core.steps.ExecutedStepDescription@447fa959
[Test worker] WARN net.thucydides.core.steps.BaseStepListener - stepFinished: current outcome:Register in Utest:Example: {strFname=Juan, strLname=Camacho, strEmail=juan@test.com, strLanguage=spanish, strCity=Bogotá, strZip=110121, strCountry=Colombia, strComputer=Windows, strVersion=Windows 11, strClanguage=English, strMobile=Samsung, strMobilem=Galaxy S10, strMobilev=Android 12, strPassword=Choucair2022*, strValidation=We're so excited for you to get started on uTest, but first you need to confirm your email address.} [Given that Juan wants to register on the Utest page [Juan open up [Juan opens the Utest page]], When he fills the registry form with his data
| strFname | strLname | strEmail | strLanguage | strCity | strZip | strCountry | strComputer | strVersion | strClanguage | strMobile | strMobilem | strMobilev | strPassword |
| Juan | Camacho | juan@test.com | spanish | Bogotá | 110121 | Colombia | Windows | Windows 11 | English | Samsung | Galaxy S10 | Android 12 | Choucair2022* | [Juan fill [Juan clicks on Button that leads us to the register form, Juan enters 'Juan' into First name field of the register form, Juan enters 'Camacho' into Last name field of the register form, Juan enters 'juan@test.com' into Email field of the register form, Juan clicks on Birth month field of the register form, Juan clicks on Birth day field of the register form, Juan clicks on Birth year field of the register form, Juan enters 'spanish' into Languages field of the register form, Juan clicks on Spanish field of the languages field of the register form, Juan clicks on Location button to go to the next page of the form, Juan enters 'Bogotá' into City field of the location form, Juan enters '110121' into Zip field of the location form, Juan clicks on Country field of the location form, Juan enters 'Colombia' into Selected country field of the country field on the location form, Juan clicks on Selected country field of the country field on the location form, Juan clicks on Devices button to go to the next page of the form, Juan clicks on Computer field of the devices form, Juan enters 'Windows' into Selected computer field of the computer field on the devices form, Juan clicks on Selected computer field of the computer field on the devices form, Juan clicks on Computer version field of the devices form, Juan enters 'Windows 11' into Selected computer version field of the computer field on the devices form, Juan clicks on Selected computer version field of the computer field on the devices form, Juan clicks on Computer language field of the devices form, Juan enters 'English' into Computer language field of the devices form]]]
[Test worker] WARN net.thucydides.core.steps.BaseStepListener - stepStarted: net.thucydides.core.steps.ExecutedStepDescription@372f0a99
[Test worker] WARN net.thucydides.core.steps.BaseStepListener - stepFinished: current outcome:Register in Utest:Example: {strFname=Juan, strLname=Camacho, strEmail=juan@test.com, strLanguage=spanish, strCity=Bogotá, strZip=110121, strCountry=Colombia, strComputer=Windows, strVersion=Windows 11, strClanguage=English, strMobile=Samsung, strMobilem=Galaxy S10, strMobilev=Android 12, strPassword=Choucair2022*, strValidation=We're so excited for you to get started on uTest, but first you need to confirm your email address.} [Given that Juan wants to register on the Utest page [Juan open up [Juan opens the Utest page]], When he fills the registry form with his data
| strFname | strLname | strEmail | strLanguage | strCity | strZip | strCountry | strComputer | strVersion | strClanguage | strMobile | strMobilem | strMobilev | strPassword |
| Juan | Camacho | juan@test.com | spanish | Bogotá | 110121 | Colombia | Windows | Windows 11 | English | Samsung | Galaxy S10 | Android 12 | Choucair2022* | [Juan fill [Juan clicks on Button that leads us to the register form, Juan enters 'Juan' into First name field of the register form, Juan enters 'Camacho' into Last name field of the register form, Juan enters 'juan@test.com' into Email field of the register form, Juan clicks on Birth month field of the register form, Juan clicks on Birth day field of the register form, Juan clicks on Birth year field of the register form, Juan enters 'spanish' into Languages field of the register form, Juan clicks on Spanish field of the languages field of the register form, Juan clicks on Location button to go to the next page of the form, Juan enters 'Bogotá' into City field of the location form, Juan enters '110121' into Zip field of the location form, Juan clicks on Country field of the location form, Juan enters 'Colombia' into Selected country field of the country field on the location form, Juan clicks on Selected country field of the country field on the location form, Juan clicks on Devices button to go to the next page of the form, Juan clicks on Computer field of the devices form, Juan enters 'Windows' into Selected computer field of the computer field on the devices form, Juan clicks on Selected computer field of the computer field on the devices form, Juan clicks on Computer version field of the devices form, Juan enters 'Windows 11' into Selected computer version field of the computer field on the devices form, Juan clicks on Selected computer version field of the computer field on the devices form, Juan clicks on Computer language field of the devices form, Juan enters 'English' into Computer language field of the devices form, Juan clicks on Computer language field of the devices form]]]
[Test worker] WARN net.thucydides.core.steps.BaseStepListener - stepStarted: net.thucydides.core.steps.ExecutedStepDescription@256bb5be
[Test worker] WARN net.thucydides.core.steps.BaseStepListener - stepFinished: current outcome:Register in Utest:Example: {strFname=Juan, strLname=Camacho, strEmail=juan@test.com, strLanguage=spanish, strCity=Bogotá, strZip=110121, strCountry=Colombia, strComputer=Windows, strVersion=Windows 11, strClanguage=English, strMobile=Samsung, strMobilem=Galaxy S10, strMobilev=Android 12, strPassword=Choucair2022*, strValidation=We're so excited for you to get started on uTest, but first you need to confirm your email address.} [Given that Juan wants to register on the Utest page [Juan open up [Juan opens the Utest page]], When he fills the registry form with his data
| strFname | strLname | strEmail | strLanguage | strCity | strZip | strCountry | strComputer | strVersion | strClanguage | strMobile | strMobilem | strMobilev | strPassword |
| Juan | Camacho | juan@test.com | spanish | Bogotá | 110121 | Colombia | Windows | Windows 11 | English | Samsung | Galaxy S10 | Android 12 | Choucair2022* | [Juan fill [Juan clicks on Button that leads us to the register form, Juan enters 'Juan' into First name field of the register form, Juan enters 'Camacho' into Last name field of the register form, Juan enters 'juan@test.com' into Email field of the register form, Juan clicks on Birth month field of the register form, Juan clicks on Birth day field of the register form, Juan clicks on Birth year field of the register form, Juan enters 'spanish' into Languages field of the register form, Juan clicks on Spanish field of the languages field of the register form, Juan clicks on Location button to go to the next page of the form, Juan enters 'Bogotá' into City field of the location form, Juan enters '110121' into Zip field of the location form, Juan clicks on Country field of the location form, Juan enters 'Colombia' into Selected country field of the country field on the location form, Juan clicks on Selected country field of the country field on the location form, Juan clicks on Devices button to go to the next page of the form, Juan clicks on Computer field of the devices form, Juan enters 'Windows' into Selected computer field of the computer field on the devices form, Juan clicks on Selected computer field of the computer field on the devices form, Juan clicks on Computer version field of the devices form, Juan enters 'Windows 11' into Selected computer version field of the computer field on the devices form, Juan clicks on Selected computer version field of the computer field on the devices form, Juan clicks on Computer language field of the devices form, Juan enters 'English' into Computer language field of the devices form, Juan clicks on Computer language field of the devices form, Juan clicks on Computer language field of the devices form]]]
[Test worker] WARN net.thucydides.core.steps.BaseStepListener - stepStarted: net.thucydides.core.steps.ExecutedStepDescription@6de43bc1
[Test worker] WARN net.thucydides.core.steps.BaseStepListener - stepFinished: current outcome:Register in Utest:Example: {strFname=Juan, strLname=Camacho, strEmail=juan@test.com, strLanguage=spanish, strCity=Bogotá, strZip=110121, strCountry=Colombia, strComputer=Windows, strVersion=Windows 11, strClanguage=English, strMobile=Samsung, strMobilem=Galaxy S10, strMobilev=Android 12, strPassword=Choucair2022*, strValidation=We're so excited for you to get started on uTest, but first you need to confirm your email address.} [Given that Juan wants to register on the Utest page [Juan open up [Juan opens the Utest page]], When he fills the registry form with his data
| strFname | strLname | strEmail | strLanguage | strCity | strZip | strCountry | strComputer | strVersion | strClanguage | strMobile | strMobilem | strMobilev | strPassword |
| Juan | Camacho | juan@test.com | spanish | Bogotá | 110121 | Colombia | Windows | Windows 11 | English | Samsung | Galaxy S10 | Android 12 | Choucair2022* | [Juan fill [Juan clicks on Button that leads us to the register form, Juan enters 'Juan' into First name field of the register form, Juan enters 'Camacho' into Last name field of the register form, Juan enters 'juan@test.com' into Email field of the register form, Juan clicks on Birth month field of the register form, Juan clicks on Birth day field of the register form, Juan clicks on Birth year field of the register form, Juan enters 'spanish' into Languages field of the register form, Juan clicks on Spanish field of the languages field of the register form, Juan clicks on Location button to go to the next page of the form, Juan enters 'Bogotá' into City field of the location form, Juan enters '110121' into Zip field of the location form, Juan clicks on Country field of the location form, Juan enters 'Colombia' into Selected country field of the country field on the location form, Juan clicks on Selected country field of the country field on the location form, Juan clicks on Devices button to go to the next page of the form, Juan clicks on Computer field of the devices form, Juan enters 'Windows' into Selected computer field of the computer field on the devices form, Juan clicks on Selected computer field of the computer field on the devices form, Juan clicks on Computer version field of the devices form, Juan enters 'Windows 11' into Selected computer version field of the computer field on the devices form, Juan clicks on Selected computer version field of the computer field on the devices form, Juan clicks on Computer language field of the devices form, Juan enters 'English' into Computer language field of the devices form, Juan clicks on Computer language field of the devices form, Juan clicks on Computer language field of the devices form, Juan enters 'Samsung' into Computer language field of the devices form]]]
[Test worker] WARN net.thucydides.core.steps.BaseStepListener - stepStarted: net.thucydides.core.steps.ExecutedStepDescription@5e905f2c
[Test worker] WARN net.thucydides.core.steps.BaseStepListener - stepFinished: current outcome:Register in Utest:Example: {strFname=Juan, strLname=Camacho, strEmail=juan@test.com, strLanguage=spanish, strCity=Bogotá, strZip=110121, strCountry=Colombia, strComputer=Windows, strVersion=Windows 11, strClanguage=English, strMobile=Samsung, strMobilem=Galaxy S10, strMobilev=Android 12, strPassword=Choucair2022*, strValidation=We're so excited for you to get started on uTest, but first you need to confirm your email address.} [Given that Juan wants to register on the Utest page [Juan open up [Juan opens the Utest page]], When he fills the registry form with his data
| strFname | strLname | strEmail | strLanguage | strCity | strZip | strCountry | strComputer | strVersion | strClanguage | strMobile | strMobilem | strMobilev | strPassword |
| Juan | Camacho | juan@test.com | spanish | Bogotá | 110121 | Colombia | Windows | Windows 11 | English | Samsung | Galaxy S10 | Android 12 | Choucair2022* | [Juan fill [Juan clicks on Button that leads us to the register form, Juan enters 'Juan' into First name field of the register form, Juan enters 'Camacho' into Last name field of the register form, Juan enters 'juan@test.com' into Email field of the register form, Juan clicks on Birth month field of the register form, Juan clicks on Birth day field of the register form, Juan clicks on Birth year field of the register form, Juan enters 'spanish' into Languages field of the register form, Juan clicks on Spanish field of the languages field of the register form, Juan clicks on Location button to go to the next page of the form, Juan enters 'Bogotá' into City field of the location form, Juan enters '110121' into Zip field of the location form, Juan clicks on Country field of the location form, Juan enters 'Colombia' into Selected country field of the country field on the location form, Juan clicks on Selected country field of the country field on the location form, Juan clicks on Devices button to go to the next page of the form, Juan clicks on Computer field of the devices form, Juan enters 'Windows' into Selected computer field of the computer field on the devices form, Juan clicks on Selected computer field of the computer field on the devices form, Juan clicks on Computer version field of the devices form, Juan enters 'Windows 11' into Selected computer version field of the computer field on the devices form, Juan clicks on Selected computer version field of the computer field on the devices form, Juan clicks on Computer language field of the devices form, Juan enters 'English' into Computer language field of the devices form, Juan clicks on Computer language field of the devices form, Juan clicks on Computer language field of the devices form, Juan enters 'Samsung' into Computer language field of the devices form, Juan clicks on Computer language field of the devices form]]]
[Test worker] WARN net.thucydides.core.steps.BaseStepListener - stepStarted: net.thucydides.core.steps.ExecutedStepDescription@7e3d2ebd
[Test worker] WARN net.thucydides.core.steps.BaseStepListener - stepFinished: current outcome:Register in Utest:Example: {strFname=Juan, strLname=Camacho, strEmail=juan@test.com, strLanguage=spanish, strCity=Bogotá, strZip=110121, strCountry=Colombia, strComputer=Windows, strVersion=Windows 11, strClanguage=English, strMobile=Samsung, strMobilem=Galaxy S10, strMobilev=Android 12, strPassword=Choucair2022*, strValidation=We're so excited for you to get started on uTest, but first you need to confirm your email address.} [Given that Juan wants to register on the Utest page [Juan open up [Juan opens the Utest page]], When he fills the registry form with his data
| strFname | strLname | strEmail | strLanguage | strCity | strZip | strCountry | strComputer | strVersion | strClanguage | strMobile | strMobilem | strMobilev | strPassword |
| Juan | Camacho | juan@test.com | spanish | Bogotá | 110121 | Colombia | Windows | Windows 11 | English | Samsung | Galaxy S10 | Android 12 | Choucair2022* | [Juan fill [Juan clicks on Button that leads us to the register form, Juan enters 'Juan' into First name field of the register form, Juan enters 'Camacho' into Last name field of the register form, Juan enters 'juan@test.com' into Email field of the register form, Juan clicks on Birth month field of the register form, Juan clicks on Birth day field of the register form, Juan clicks on Birth year field of the register form, Juan enters 'spanish' into Languages field of the register form, Juan clicks on Spanish field of the languages field of the register form, Juan clicks on Location button to go to the next page of the form, Juan enters 'Bogotá' into City field of the location form, Juan enters '110121' into Zip field of the location form, Juan clicks on Country field of the location form, Juan enters 'Colombia' into Selected country field of the country field on the location form, Juan clicks on Selected country field of the country field on the location form, Juan clicks on Devices button to go to the next page of the form, Juan clicks on Computer field of the devices form, Juan enters 'Windows' into Selected computer field of the computer field on the devices form, Juan clicks on Selected computer field of the computer field on the devices form, Juan clicks on Computer version field of the devices form, Juan enters 'Windows 11' into Selected computer version field of the computer field on the devices form, Juan clicks on Selected computer version field of the computer field on the devices form, Juan clicks on Computer language field of the devices form, Juan enters 'English' into Computer language field of the devices form, Juan clicks on Computer language field of the devices form, Juan clicks on Computer language field of the devices form, Juan enters 'Samsung' into Computer language field of the devices form, Juan clicks on Computer language field of the devices form, Juan clicks on Computer language field of the devices form]]]
[Test worker] WARN net.thucydides.core.steps.BaseStepListener - stepStarted: net.thucydides.core.steps.ExecutedStepDescription@46a8c2b4
[Test worker] WARN net.thucydides.core.steps.BaseStepListener - stepFinished: current outcome:Register in Utest:Example: {strFname=Juan, strLname=Camacho, strEmail=juan@test.com, strLanguage=spanish, strCity=Bogotá, strZip=110121, strCountry=Colombia, strComputer=Windows, strVersion=Windows 11, strClanguage=English, strMobile=Samsung, strMobilem=Galaxy S10, strMobilev=Android 12, strPassword=Choucair2022*, strValidation=We're so excited for you to get started on uTest, but first you need to confirm your email address.} [Given that Juan wants to register on the Utest page [Juan open up [Juan opens the Utest page]], When he fills the registry form with his data
| strFname | strLname | strEmail | strLanguage | strCity | strZip | strCountry | strComputer | strVersion | strClanguage | strMobile | strMobilem | strMobilev | strPassword |
| Juan | Camacho | juan@test.com | spanish | Bogotá | 110121 | Colombia | Windows | Windows 11 | English | Samsung | Galaxy S10 | Android 12 | Choucair2022* | [Juan fill [Juan clicks on Button that leads us to the register form, Juan enters 'Juan' into First name field of the register form, Juan enters 'Camacho' into Last name field of the register form, Juan enters 'juan@test.com' into Email field of the register form, Juan clicks on Birth month field of the register form, Juan clicks on Birth day field of the register form, Juan clicks on Birth year field of the register form, Juan enters 'spanish' into Languages field of the register form, Juan clicks on Spanish field of the languages field of the register form, Juan clicks on Location button to go to the next page of the form, Juan enters 'Bogotá' into City field of the location form, Juan enters '110121' into Zip field of the location form, Juan clicks on Country field of the location form, Juan enters 'Colombia' into Selected country field of the country field on the location form, Juan clicks on Selected country field of the country field on the location form, Juan clicks on Devices button to go to the next page of the form, Juan clicks on Computer field of the devices form, Juan enters 'Windows' into Selected computer field of the computer field on the devices form, Juan clicks on Selected computer field of the computer field on the devices form, Juan clicks on Computer version field of the devices form, Juan enters 'Windows 11' into Selected computer version field of the computer field on the devices form, Juan clicks on Selected computer version field of the computer field on the devices form, Juan clicks on Computer language field of the devices form, Juan enters 'English' into Computer language field of the devices form, Juan clicks on Computer language field of the devices form, Juan clicks on Computer language field of the devices form, Juan enters 'Samsung' into Computer language field of the devices form, Juan clicks on Computer language field of the devices form, Juan clicks on Computer language field of the devices form, Juan enters 'Galaxy S10' into Computer language field of the devices form]]]
[Test worker] WARN net.thucydides.core.steps.BaseStepListener - stepStarted: net.thucydides.core.steps.ExecutedStepDescription@2c06b113
[Test worker] WARN net.thucydides.core.steps.BaseStepListener - stepFinished: current outcome:Register in Utest:Example: {strFname=Juan, strLname=Camacho, strEmail=juan@test.com, strLanguage=spanish, strCity=Bogotá, strZip=110121, strCountry=Colombia, strComputer=Windows, strVersion=Windows 11, strClanguage=English, strMobile=Samsung, strMobilem=Galaxy S10, strMobilev=Android 12, strPassword=Choucair2022*, strValidation=We're so excited for you to get started on uTest, but first you need to confirm your email address.} [Given that Juan wants to register on the Utest page [Juan open up [Juan opens the Utest page]], When he fills the registry form with his data
| strFname | strLname | strEmail | strLanguage | strCity | strZip | strCountry | strComputer | strVersion | strClanguage | strMobile | strMobilem | strMobilev | strPassword |
| Juan | Camacho | juan@test.com | spanish | Bogotá | 110121 | Colombia | Windows | Windows 11 | English | Samsung | Galaxy S10 | Android 12 | Choucair2022* | [Juan fill [Juan clicks on Button that leads us to the register form, Juan enters 'Juan' into First name field of the register form, Juan enters 'Camacho' into Last name field of the register form, Juan enters 'juan@test.com' into Email field of the register form, Juan clicks on Birth month field of the register form, Juan clicks on Birth day field of the register form, Juan clicks on Birth year field of the register form, Juan enters 'spanish' into Languages field of the register form, Juan clicks on Spanish field of the languages field of the register form, Juan clicks on Location button to go to the next page of the form, Juan enters 'Bogotá' into City field of the location form, Juan enters '110121' into Zip field of the location form, Juan clicks on Country field of the location form, Juan enters 'Colombia' into Selected country field of the country field on the location form, Juan clicks on Selected country field of the country field on the location form, Juan clicks on Devices button to go to the next page of the form, Juan clicks on Computer field of the devices form, Juan enters 'Windows' into Selected computer field of the computer field on the devices form, Juan clicks on Selected computer field of the computer field on the devices form, Juan clicks on Computer version field of the devices form, Juan enters 'Windows 11' into Selected computer version field of the computer field on the devices form, Juan clicks on Selected computer version field of the computer field on the devices form, Juan clicks on Computer language field of the devices form, Juan enters 'English' into Computer language field of the devices form, Juan clicks on Computer language field of the devices form, Juan clicks on Computer language field of the devices form, Juan enters 'Samsung' into Computer language field of the devices form, Juan clicks on Computer language field of the devices form, Juan clicks on Computer language field of the devices form, Juan enters 'Galaxy S10' into Computer language field of the devices form, Juan clicks on Computer language field of the devices form]]]
[Test worker] WARN net.thucydides.core.steps.BaseStepListener - stepStarted: net.thucydides.core.steps.ExecutedStepDescription@4f2ac7e0
[Test worker] WARN net.thucydides.core.steps.BaseStepListener - stepFinished: current outcome:Register in Utest:Example: {strFname=Juan, strLname=Camacho, strEmail=juan@test.com, strLanguage=spanish, strCity=Bogotá, strZip=110121, strCountry=Colombia, strComputer=Windows, strVersion=Windows 11, strClanguage=English, strMobile=Samsung, strMobilem=Galaxy S10, strMobilev=Android 12, strPassword=Choucair2022*, strValidation=We're so excited for you to get started on uTest, but first you need to confirm your email address.} [Given that Juan wants to register on the Utest page [Juan open up [Juan opens the Utest page]], When he fills the registry form with his data
| strFname | strLname | strEmail | strLanguage | strCity | strZip | strCountry | strComputer | strVersion | strClanguage | strMobile | strMobilem | strMobilev | strPassword |
| Juan | Camacho | juan@test.com | spanish | Bogotá | 110121 | Colombia | Windows | Windows 11 | English | Samsung | Galaxy S10 | Android 12 | Choucair2022* | [Juan fill [Juan clicks on Button that leads us to the register form, Juan enters 'Juan' into First name field of the register form, Juan enters 'Camacho' into Last name field of the register form, Juan enters 'juan@test.com' into Email field of the register form, Juan clicks on Birth month field of the register form, Juan clicks on Birth day field of the register form, Juan clicks on Birth year field of the register form, Juan enters 'spanish' into Languages field of the register form, Juan clicks on Spanish field of the languages field of the register form, Juan clicks on Location button to go to the next page of the form, Juan enters 'Bogotá' into City field of the location form, Juan enters '110121' into Zip field of the location form, Juan clicks on Country field of the location form, Juan enters 'Colombia' into Selected country field of the country field on the location form, Juan clicks on Selected country field of the country field on the location form, Juan clicks on Devices button to go to the next page of the form, Juan clicks on Computer field of the devices form, Juan enters 'Windows' into Selected computer field of the computer field on the devices form, Juan clicks on Selected computer field of the computer field on the devices form, Juan clicks on Computer version field of the devices form, Juan enters 'Windows 11' into Selected computer version field of the computer field on the devices form, Juan clicks on Selected computer version field of the computer field on the devices form, Juan clicks on Computer language field of the devices form, Juan enters 'English' into Computer language field of the devices form, Juan clicks on Computer language field of the devices form, Juan clicks on Computer language field of the devices form, Juan enters 'Samsung' into Computer language field of the devices form, Juan clicks on Computer language field of the devices form, Juan clicks on Computer language field of the devices form, Juan enters 'Galaxy S10' into Computer language field of the devices form, Juan clicks on Computer language field of the devices form, Juan clicks on Computer language field of the devices form]]]
[Test worker] WARN net.thucydides.core.steps.BaseStepListener - stepStarted: net.thucydides.core.steps.ExecutedStepDescription@7eb27768
[Test worker] WARN net.thucydides.core.steps.BaseStepListener - stepFinished: current outcome:Register in Utest:Example: {strFname=Juan, strLname=Camacho, strEmail=juan@test.com, strLanguage=spanish, strCity=Bogotá, strZip=110121, strCountry=Colombia, strComputer=Windows, strVersion=Windows 11, strClanguage=English, strMobile=Samsung, strMobilem=Galaxy S10, strMobilev=Android 12, strPassword=Choucair2022*, strValidation=We're so excited for you to get started on uTest, but first you need to confirm your email address.} [Given that Juan wants to register on the Utest page [Juan open up [Juan opens the Utest page]], When he fills the registry form with his data
| strFname | strLname | strEmail | strLanguage | strCity | strZip | strCountry | strComputer | strVersion | strClanguage | strMobile | strMobilem | strMobilev | strPassword |
| Juan | Camacho | juan@test.com | spanish | Bogotá | 110121 | Colombia | Windows | Windows 11 | English | Samsung | Galaxy S10 | Android 12 | Choucair2022* | [Juan fill [Juan clicks on Button that leads us to the register form, Juan enters 'Juan' into First name field of the register form, Juan enters 'Camacho' into Last name field of the register form, Juan enters 'juan@test.com' into Email field of the register form, Juan clicks on Birth month field of the register form, Juan clicks on Birth day field of the register form, Juan clicks on Birth year field of the register form, Juan enters 'spanish' into Languages field of the register form, Juan clicks on Spanish field of the languages field of the register form, Juan clicks on Location button to go to the next page of the form, Juan enters 'Bogotá' into City field of the location form, Juan enters '110121' into Zip field of the location form, Juan clicks on Country field of the location form, Juan enters 'Colombia' into Selected country field of the country field on the location form, Juan clicks on Selected country field of the country field on the location form, Juan clicks on Devices button to go to the next page of the form, Juan clicks on Computer field of the devices form, Juan enters 'Windows' into Selected computer field of the computer field on the devices form, Juan clicks on Selected computer field of the computer field on the devices form, Juan clicks on Computer version field of the devices form, Juan enters 'Windows 11' into Selected computer version field of the computer field on the devices form, Juan clicks on Selected computer version field of the computer field on the devices form, Juan clicks on Computer language field of the devices form, Juan enters 'English' into Computer language field of the devices form, Juan clicks on Computer language field of the devices form, Juan clicks on Computer language field of the devices form, Juan enters 'Samsung' into Computer language field of the devices form, Juan clicks on Computer language field of the devices form, Juan clicks on Computer language field of the devices form, Juan enters 'Galaxy S10' into Computer language field of the devices form, Juan clicks on Computer language field of the devices form, Juan clicks on Computer language field of the devices form, Juan enters 'Android 12' into Computer language field of the devices form]]]
[Test worker] WARN net.thucydides.core.steps.BaseStepListener - stepStarted: net.thucydides.core.steps.ExecutedStepDescription@70c29356
[Test worker] WARN net.thucydides.core.steps.BaseStepListener - stepFinished: current outcome:Register in Utest:Example: {strFname=Juan, strLname=Camacho, strEmail=juan@test.com, strLanguage=spanish, strCity=Bogotá, strZip=110121, strCountry=Colombia, strComputer=Windows, strVersion=Windows 11, strClanguage=English, strMobile=Samsung, strMobilem=Galaxy S10, strMobilev=Android 12, strPassword=Choucair2022*, strValidation=We're so excited for you to get started on uTest, but first you need to confirm your email address.} [Given that Juan wants to register on the Utest page [Juan open up [Juan opens the Utest page]], When he fills the registry form with his data
[...]
, Juan enters 'Bogotá' into City field of the location form, Juan enters '110121' into Zip field of the location form, Juan clicks on Country field of the location form, Juan enters 'Colombia' into Selected country field of the country field on the location form, Juan clicks on Selected country field of the country field on the location form, Juan clicks on Devices button to go to the next page of the form, Juan clicks on Computer field of the devices form, Juan enters 'Windows' into Selected computer field of the computer field on the devices form, Juan clicks on Selected computer field of the computer field on the devices form, Juan clicks on Computer version field of the devices form, Juan enters 'Windows 11' into Selected computer version field of the computer field on the devices form, Juan clicks on Selected computer version field of the computer field on the devices form, Juan clicks on Computer language field of the devices form, Juan enters 'English' into Computer language field of the devices form, Juan clicks on Computer language field of the devices form, Juan clicks on Computer language field of the devices form, Juan enters 'Samsung' into Computer language field of the devices form, Juan clicks on Computer language field of the devices form, Juan clicks on Computer language field of the devices form, Juan enters 'Galaxy S10' into Computer language field of the devices form, Juan clicks on Computer language field of the devices form, Juan clicks on Computer language field of the devices form, Juan enters 'Android 12' into Computer language field of the devices form, Juan clicks on Computer language field of the devices form, Juan clicks on Devices button to go to the next page of the form, Juan enters 'Choucair2022*' into First name field of the register form, Juan enters 'Choucair2022*' into First name field of the register form, Juan clicks on First name field of the register form, Juan clicks on First name field of the register form, Juan clicks on Devices button to go to the next page of the form]], Then he creates his new account successfully
| strEmail | strPassword | strValidation |
| juan@test.com | Choucair2022* | We're so excited for you to get started on uTest, but first you need to confirm your email address. | [Then answer [Juan clicks on Devices button to go to the next page of the form, Juan enters 'juan@test.com' into First name field of the register form, Juan enters 'Choucair2022*' into First name field of the register form, Juan clicks on Devices button to go to the next page of the form]]]
[Test worker] WARN net.thucydides.core.steps.BaseStepListener - stepFinished: current outcome:Register in Utest:Example: {strFname=Juan, strLname=Camacho, strEmail=juan@test.com, strLanguage=spanish, strCity=Bogotá, strZip=110121, strCountry=Colombia, strComputer=Windows, strVersion=Windows 11, strClanguage=English, strMobile=Samsung, strMobilem=Galaxy S10, strMobilev=Android 12, strPassword=Choucair2022*, strValidation=We're so excited for you to get started on uTest, but first you need to confirm your email address.} [Given that Juan wants to register on the Utest page [Juan open up [Juan opens the Utest page]], When he fills the registry form with his data
| strFname | strLname | strEmail | strLanguage | strCity | strZip | strCountry | strComputer | strVersion | strClanguage | strMobile | strMobilem | strMobilev | strPassword |
| Juan | Camacho | juan@test.com | spanish | Bogotá | 110121 | Colombia | Windows | Windows 11 | English | Samsung | Galaxy S10 | Android 12 | Choucair2022* | [Juan fill [Juan clicks on Button that leads us to the register form, Juan enters 'Juan' into First name field of the register form, Juan enters 'Camacho' into Last name field of the register form, Juan enters 'juan@test.com' into Email field of the register form, Juan clicks on Birth month field of the register form, Juan clicks on Birth day field of the register form, Juan clicks on Birth year field of the register form, Juan enters 'spanish' into Languages field of the register form, Juan clicks on Spanish field of the languages field of the register form, Juan clicks on Location button to go to the next page of the form, Juan enters 'Bogotá' into City field of the location form, Juan enters '110121' into Zip field of the location form, Juan clicks on Country field of the location form, Juan enters 'Colombia' into Selected country field of the country field on the location form, Juan clicks on Selected country field of the country field on the location form, Juan clicks on Devices button to go to the next page of the form, Juan clicks on Computer field of the devices form, Juan enters 'Windows' into Selected computer field of the computer field on the devices form, Juan clicks on Selected computer field of the computer field on the devices form, Juan clicks on Computer version field of the devices form, Juan enters 'Windows 11' into Selected computer version field of the computer field on the devices form, Juan clicks on Selected computer version field of the computer field on the devices form, Juan clicks on Computer language field of the devices form, Juan enters 'English' into Computer language field of the devices form, Juan clicks on Computer language field of the devices form, Juan clicks on Computer language field of the devices form, Juan enters 'Samsung' into Computer language field of the devices form, Juan clicks on Computer language field of the devices form, Juan clicks on Computer language field of the devices form, Juan enters 'Galaxy S10' into Computer language field of the devices form, Juan clicks on Computer language field of the devices form, Juan clicks on Computer language field of the devices form, Juan enters 'Android 12' into Computer language field of the devices form, Juan clicks on Computer language field of the devices form, Juan clicks on Devices button to go to the next page of the form, Juan enters 'Choucair2022*' into First name field of the register form, Juan enters 'Choucair2022*' into First name field of the register form, Juan clicks on First name field of the register form, Juan clicks on First name field of the register form, Juan clicks on Devices button to go to the next page of the form]], Then he creates his new account successfully
| strEmail | strPassword | strValidation |
| juan@test.com | Choucair2022* | We're so excited for you to get started on uTest, but first you need to confirm your email address. | [Then answer [Juan clicks on Devices button to go to the next page of the form, Juan enters 'juan@test.com' into First name field of the register form, Juan enters 'Choucair2022*' into First name field of the register form, Juan clicks on Devices button to go to the next page of the form]]]
[Test worker] WARN net.thucydides.core.steps.BaseStepListener - testFinished: Register in Utest:Example: {strFname=Juan, strLname=Camacho, strEmail=juan@test.com, strLanguage=spanish, strCity=Bogotá, strZip=110121, strCountry=Colombia, strComputer=Windows, strVersion=Windows 11, strClanguage=English, strMobile=Samsung, strMobilem=Galaxy S10, strMobilev=Android 12, strPassword=Choucair2022*, strValidation=We're so excited for you to get started on uTest, but first you need to confirm your email address.} [Given that Juan wants to register on the Utest page [Juan open up [Juan opens the Utest page]], When he fills the registry form with his data
| strFname | strLname | strEmail | strLanguage | strCity | strZip | strCountry | strComputer | strVersion | strClanguage | strMobile | strMobilem | strMobilev | strPassword |
| Juan | Camacho | juan@test.com | spanish | Bogotá | 110121 | Colombia | Windows | Windows 11 | English | Samsung | Galaxy S10 | Android 12 | Choucair2022* | [Juan fill [Juan clicks on Button that leads us to the register form, Juan enters 'Juan' into First name field of the register form, Juan enters 'Camacho' into Last name field of the register form, Juan enters 'juan@test.com' into Email field of the register form, Juan clicks on Birth month field of the register form, Juan clicks on Birth day field of the register form, Juan clicks on Birth year field of the register form, Juan enters 'spanish' into Languages field of the register form, Juan clicks on Spanish field of the languages field of the register form, Juan clicks on Location button to go to the next page of the form, Juan enters 'Bogotá' into City field of the location form, Juan enters '110121' into Zip field of the location form, Juan clicks on Country field of the location form, Juan enters 'Colombia' into Selected country field of the country field on the location form, Juan clicks on Selected country field of the country field on the location form, Juan clicks on Devices button to go to the next page of the form, Juan clicks on Computer field of the devices form, Juan enters 'Windows' into Selected computer field of the computer field on the devices form, Juan clicks on Selected computer field of the computer field on the devices form, Juan clicks on Computer version field of the devices form, Juan enters 'Windows 11' into Selected computer version field of the computer field on the devices form, Juan clicks on Selected computer version field of the computer field on the devices form, Juan clicks on Computer language field of the devices form, Juan enters 'English' into Computer language field of the devices form, Juan clicks on Computer language field of the devices form, Juan clicks on Computer language field of the devices form, Juan enters 'Samsung' into Computer language field of the devices form, Juan clicks on Computer language field of the devices form, Juan clicks on Computer language field of the devices form, Juan enters 'Galaxy S10' into Computer language field of the devices form, Juan clicks on Computer language field of the devices form, Juan clicks on Computer language field of the devices form, Juan enters 'Android 12' into Computer language field of the devices form, Juan clicks on Computer language field of the devices form, Juan clicks on Devices button to go to the next page of the form, Juan enters 'Choucair2022*' into First name field of the register form, Juan enters 'Choucair2022*' into First name field of the register form, Juan clicks on First name field of the register form, Juan clicks on First name field of the register form, Juan clicks on Devices button to go to the next page of the form]], Then he creates his new account successfully
| strEmail | strPassword | strValidation |
| juan@test.com | Choucair2022* | We're so excited for you to get started on uTest, but first you need to confirm your email address. | [Then answer [Juan clicks on Devices button to go to the next page of the form, Juan enters 'juan@test.com' into First name field of the register form, Juan enters 'Choucair2022*' into First name field of the register form, Juan clicks on Devices button to go to the next page of the form]]]
[Test worker] WARN net.thucydides.core.steps.BaseStepListener - TestOutcomes: [Register in Utest:Example: {strFname=Juan, strLname=Camacho, strEmail=juan@test.com, strLanguage=spanish, strCity=Bogotá, strZip=110121, strCountry=Colombia, strComputer=Windows, strVersion=Windows 11, strClanguage=English, strMobile=Samsung, strMobilem=Galaxy S10, strMobilev=Android 12, strPassword=Choucair2022*, strValidation=We're so excited for you to get started on uTest, but first you need to confirm your email address.} [Given that Juan wants to register on the Utest page [Juan open up [Juan opens the Utest page]], When he fills the registry form with his data
| strFname | strLname | strEmail | strLanguage | strCity | strZip | strCountry | strComputer | strVersion | strClanguage | strMobile | strMobilem | strMobilev | strPassword |
| Juan | Camacho | juan@test.com | spanish | Bogotá | 110121 | Colombia | Windows | Windows 11 | English | Samsung | Galaxy S10 | Android 12 | Choucair2022* | [Juan fill [Juan clicks on Button that leads us to the register form, Juan enters 'Juan' into First name field of the register form, Juan enters 'Camacho' into Last name field of the register form, Juan enters 'juan@test.com' into Email field of the register form, Juan clicks on Birth month field of the register form, Juan clicks on Birth day field of the register form, Juan clicks on Birth year field of the register form, Juan enters 'spanish' into Languages field of the register form, Juan clicks on Spanish field of the languages field of the register form, Juan clicks on Location button to go to the next page of the form, Juan enters 'Bogotá' into City field of the location form, Juan enters '110121' into Zip field of the location form, Juan clicks on Country field of the location form, Juan enters 'Colombia' into Selected country field of the country field on the location form, Juan clicks on Selected country field of the country field on the location form, Juan clicks on Devices button to go to the next page of the form, Juan clicks on Computer field of the devices form, Juan enters 'Windows' into Selected computer field of the computer field on the devices form, Juan clicks on Selected computer field of the computer field on the devices form, Juan clicks on Computer version field of the devices form, Juan enters 'Windows 11' into Selected computer version field of the computer field on the devices form, Juan clicks on Selected computer version field of the computer field on the devices form, Juan clicks on Computer language field of the devices form, Juan enters 'English' into Computer language field of the devices form, Juan clicks on Computer language field of the devices form, Juan clicks on Computer language field of the devices form, Juan enters 'Samsung' into Computer language field of the devices form, Juan clicks on Computer language field of the devices form, Juan clicks on Computer language field of the devices form, Juan enters 'Galaxy S10' into Computer language field of the devices form, Juan clicks on Computer language field of the devices form, Juan clicks on Computer language field of the devices form, Juan enters 'Android 12' into Computer language field of the devices form, Juan clicks on Computer language field of the devices form, Juan clicks on Devices button to go to the next page of the form, Juan enters 'Choucair2022*' into First name field of the register form, Juan enters 'Choucair2022*' into First name field of the register form, Juan clicks on First name field of the register form, Juan clicks on First name field of the register form, Juan clicks on Devices button to go to the next page of the form]], Then he creates his new account successfully
| strEmail | strPassword | strValidation |
| juan@test.com | Choucair2022* | We're so excited for you to get started on uTest, but first you need to confirm your email address. | [Then answer [Juan clicks on Devices button to go to the next page of the form, Juan enters 'juan@test.com' into First name field of the register form, Juan enters 'Choucair2022*' into First name field of the register form, Juan clicks on Devices button to go to the next page of the form]]]]
[Test worker] WARN net.thucydides.core.steps.BaseStepListener - Final testOutcomes: [Register in Utest:Example: {strFname=Juan, strLname=Camacho, strEmail=juan@test.com, strLanguage=spanish, strCity=Bogotá, strZip=110121, strCountry=Colombia, strComputer=Windows, strVersion=Windows 11, strClanguage=English, strMobile=Samsung, strMobilem=Galaxy S10, strMobilev=Android 12, strPassword=Choucair2022*, strValidation=We're so excited for you to get started on uTest, but first you need to confirm your email address.} [Given that Juan wants to register on the Utest page [Juan open up [Juan opens the Utest page]], When he fills the registry form with his data
| strFname | strLname | strEmail | strLanguage | strCity | strZip | strCountry | strComputer | strVersion | strClanguage | strMobile | strMobilem | strMobilev | strPassword |
| Juan | Camacho | juan@test.com | spanish | Bogotá | 110121 | Colombia | Windows | Windows 11 | English | Samsung | Galaxy S10 | Android 12 | Choucair2022* | [Juan fill [Juan clicks on Button that leads us to the register form, Juan enters 'Juan' into First name field of the register form, Juan enters 'Camacho' into Last name field of the register form, Juan enters 'juan@test.com' into Email field of the register form, Juan clicks on Birth month field of the register form, Juan clicks on Birth day field of the register form, Juan clicks on Birth year field of the register form, Juan enters 'spanish' into Languages field of the register form, Juan clicks on Spanish field of the languages field of the register form, Juan clicks on Location button to go to the next page of the form, Juan enters 'Bogotá' into City field of the location form, Juan enters '110121' into Zip field of the location form, Juan clicks on Country field of the location form, Juan enters 'Colombia' into Selected country field of the country field on the location form, Juan clicks on Selected country field of the country field on the location form, Juan clicks on Devices button to go to the next page of the form, Juan clicks on Computer field of the devices form, Juan enters 'Windows' into Selected computer field of the computer field on the devices form, Juan clicks on Selected computer field of the computer field on the devices form, Juan clicks on Computer version field of the devices form, Juan enters 'Windows 11' into Selected computer version field of the computer field on the devices form, Juan clicks on Selected computer version field of the computer field on the devices form, Juan clicks on Computer language field of the devices form, Juan enters 'English' into Computer language field of the devices form, Juan clicks on Computer language field of the devices form, Juan clicks on Computer language field of the devices form, Juan enters 'Samsung' into Computer language field of the devices form, Juan clicks on Computer language field of the devices form, Juan clicks on Computer language field of the devices form, Juan enters 'Galaxy S10' into Computer language field of the devices form, Juan clicks on Computer language field of the devices form, Juan clicks on Computer language field of the devices form, Juan enters 'Android 12' into Computer language field of the devices form, Juan clicks on Computer language field of the devices form, Juan clicks on Devices button to go to the next page of the form, Juan enters 'Choucair2022*' into First name field of the register form, Juan enters 'Choucair2022*' into First name field of the register form, Juan clicks on First name field of the register form, Juan clicks on First name field of the register form, Juan clicks on Devices button to go to the next page of the form]], Then he creates his new account successfully
| strEmail | strPassword | strValidation |
| juan@test.com | Choucair2022* | We're so excited for you to get started on uTest, but first you need to confirm your email address. | [Then answer [Juan clicks on Devices button to go to the next page of the form, Juan enters 'juan@test.com' into First name field of the register form, Juan enters 'Choucair2022*' into First name field of the register form, Juan clicks on Devices button to go to the next page of the form]]]]
[Test worker] INFO net.thucydides.core.steps.ConsoleLoggingListener - 
        __    _____ _____ ____ _____   ____   _    ____  ____  _____ ____  
  _     \ \  |_   _| ____/ ___|_   _| |  _ \ / \  / ___|/ ___|| ____|  _ \ 
 (_)_____| |   | | |  _| \___ \ | |   | |_) / _ \ \___ \\___ \|  _| | | | |
  _|_____| |   | | | |___ ___) || |   |  __/ ___ \ ___) |___) | |___| |_| |
 (_)     | |   |_| |_____|____/ |_|   |_| /_/   \_\____/|____/|_____|____/ 
        /_/                                                                

TEST PASSED: Register in Utest
----------------------------------------------------------------------------
]]></system-err>
</testsuite>
